This is pdfTeX, Version 3.141592653-2.6-1.40.26 (MiKTeX 24.4) (preloaded format=pdflatex 2024.6.18)  28 JUN 2024 23:33
entering extended mode
 restricted \write18 enabled.
 file:line:error style messages enabled.
 %&-line parsing enabled.
**c:/Users/ardar/Github/algorithms-6470/HW02/HW02_Darwiche.tex
(c:/Users/ardar/Github/algorithms-6470/HW02/HW02_Darwiche.tex
LaTeX2e <2024-06-01> patch level 1
L3 programming layer <2024-05-27>
(C:\Users\ardar\AppData\Local\Programs\MiKTeX\tex/latex/base\article.cls
Document Class: article 2024/02/08 v1.4n Standard LaTeX document class
(C:\Users\ardar\AppData\Local\Programs\MiKTeX\tex/latex/base\size10.clo
File: size10.clo 2024/02/08 v1.4n Standard LaTeX file (size option)
)
\c@part=\count194
\c@section=\count195
\c@subsection=\count196
\c@subsubsection=\count197
\c@paragraph=\count198
\c@subparagraph=\count199
\c@figure=\count266
\c@table=\count267
\abovecaptionskip=\skip49
\belowcaptionskip=\skip50
\bibindent=\dimen141
) (C:\Users\ardar\AppData\Local\Programs\MiKTeX\tex/latex/base\inputenc.sty
Package: inputenc 2024/02/08 v1.3d Input encoding file
\inpenc@prehook=\toks17
\inpenc@posthook=\toks18
) (C:\Users\ardar\AppData\Local\Programs\MiKTeX\tex/latex/base\fontenc.sty
Package: fontenc 2021/04/29 v2.0v Standard LaTeX package
) (C:\Users\ardar\AppData\Local\Programs\MiKTeX\tex/latex/amsmath\amsmath.sty
Package: amsmath 2024/05/23 v2.17q AMS math features
\@mathmargin=\skip51

For additional information on amsmath, use the `?' option.
(C:\Users\ardar\AppData\Local\Programs\MiKTeX\tex/latex/amsmath\amstext.sty
Package: amstext 2021/08/26 v2.01 AMS text
 (C:\Users\ardar\AppData\Local\Programs\MiKTeX\tex/latex/amsmath\amsgen.sty
File: amsgen.sty 1999/11/30 v2.0 generic functions
\@emptytoks=\toks19
\ex@=\dimen142
)) (C:\Users\ardar\AppData\Local\Programs\MiKTeX\tex/latex/amsmath\amsbsy.sty
Package: amsbsy 1999/11/29 v1.2d Bold Symbols
\pmbraise@=\dimen143
) (C:\Users\ardar\AppData\Local\Programs\MiKTeX\tex/latex/amsmath\amsopn.sty
Package: amsopn 2022/04/08 v2.04 operator names
)
\inf@bad=\count268
LaTeX Info: Redefining \frac on input line 233.
\uproot@=\count269
\leftroot@=\count270
LaTeX Info: Redefining \overline on input line 398.
LaTeX Info: Redefining \colon on input line 409.
\classnum@=\count271
\DOTSCASE@=\count272
LaTeX Info: Redefining \ldots on input line 495.
LaTeX Info: Redefining \dots on input line 498.
LaTeX Info: Redefining \cdots on input line 619.
\Mathstrutbox@=\box52
\strutbox@=\box53
LaTeX Info: Redefining \big on input line 721.
LaTeX Info: Redefining \Big on input line 722.
LaTeX Info: Redefining \bigg on input line 723.
LaTeX Info: Redefining \Bigg on input line 724.
\big@size=\dimen144
LaTeX Font Info:    Redeclaring font encoding OML on input line 742.
LaTeX Font Info:    Redeclaring font encoding OMS on input line 743.
\macc@depth=\count273
LaTeX Info: Redefining \bmod on input line 904.
LaTeX Info: Redefining \pmod on input line 909.
LaTeX Info: Redefining \smash on input line 939.
LaTeX Info: Redefining \relbar on input line 969.
LaTeX Info: Redefining \Relbar on input line 970.
\c@MaxMatrixCols=\count274
\dotsspace@=\muskip17
\c@parentequation=\count275
\dspbrk@lvl=\count276
\tag@help=\toks20
\row@=\count277
\column@=\count278
\maxfields@=\count279
\andhelp@=\toks21
\eqnshift@=\dimen145
\alignsep@=\dimen146
\tagshift@=\dimen147
\tagwidth@=\dimen148
\totwidth@=\dimen149
\lineht@=\dimen150
\@envbody=\toks22
\multlinegap=\skip52
\multlinetaggap=\skip53
\mathdisplay@stack=\toks23
LaTeX Info: Redefining \[ on input line 2953.
LaTeX Info: Redefining \] on input line 2954.
) (C:\Users\ardar\AppData\Local\Programs\MiKTeX\tex/latex/amsfonts\amssymb.sty
Package: amssymb 2013/01/14 v3.01 AMS font symbols
 (C:\Users\ardar\AppData\Local\Programs\MiKTeX\tex/latex/amsfonts\amsfonts.sty
Package: amsfonts 2013/01/14 v3.01 Basic AMSFonts support
\symAMSa=\mathgroup4
\symAMSb=\mathgroup5
LaTeX Font Info:    Redeclaring math symbol \hbar on input line 98.
LaTeX Font Info:    Overwriting math alphabet `\mathfrak' in version `bold'
(Font)                  U/euf/m/n --> U/euf/b/n on input line 106.
)) (C:\Users\ardar\AppData\Local\Programs\MiKTeX\tex/latex/enumitem\enumitem.sty
Package: enumitem 2019/06/20 v3.9 Customized lists
\enitkv@toks@=\toks24
\labelindent=\skip54
\enit@outerparindent=\dimen151
\enit@toks=\toks25
\enit@inbox=\box54
\enit@count@id=\count280
\enitdp@description=\count281
) (C:\Users\ardar\AppData\Local\Programs\MiKTeX\tex/latex/lipsum\lipsum.sty (C:\Users\ardar\AppData\Local\Programs\MiKTeX\tex/latex/l3packages/l3keys2e\l3keys2e.sty (C:\Users\ardar\AppData\Local\Programs\MiKTeX\tex/latex/l3kernel\expl3.sty
Package: expl3 2024-05-27 L3 programming layer (loader) 
 (C:\Users\ardar\AppData\Local\Programs\MiKTeX\tex/latex/l3backend\l3backend-pdftex.def
File: l3backend-pdftex.def 2024-05-08 L3 backend support: PDF output (pdfTeX)
\l__color_backend_stack_int=\count282
\l__pdf_internal_box=\box55
))
Package: l3keys2e 2024-05-08 LaTeX2e option processing using LaTeX3 keys
)
Package: lipsum 2021-09-20 v2.7 150 paragraphs of Lorem Ipsum dummy text
\g__lipsum_par_int=\count283
\l__lipsum_a_int=\count284
\l__lipsum_b_int=\count285
 (C:\Users\ardar\AppData\Local\Programs\MiKTeX\tex/latex/lipsum\lipsum.ltd.tex)) (C:\Users\ardar\AppData\Local\Programs\MiKTeX\tex/latex/listings\listings.sty (C:\Users\ardar\AppData\Local\Programs\MiKTeX\tex/latex/graphics\keyval.sty
Package: keyval 2022/05/29 v1.15 key=value parser (DPC)
\KV@toks@=\toks26
)
\lst@mode=\count286
\lst@gtempboxa=\box56
\lst@token=\toks27
\lst@length=\count287
\lst@currlwidth=\dimen152
\lst@column=\count288
\lst@pos=\count289
\lst@lostspace=\dimen153
\lst@width=\dimen154
\lst@newlines=\count290
\lst@lineno=\count291
\lst@maxwidth=\dimen155
 (C:\Users\ardar\AppData\Local\Programs\MiKTeX\tex/latex/listings\lstpatch.sty
File: lstpatch.sty 2024/05/25 1.10b (Carsten Heinz)
) (C:\Users\ardar\AppData\Local\Programs\MiKTeX\tex/latex/listings\lstmisc.sty
File: lstmisc.sty 2024/05/25 1.10b (Carsten Heinz)
\c@lstnumber=\count292
\lst@skipnumbers=\count293
\lst@framebox=\box57
) (C:\Users\ardar\AppData\Local\Programs\MiKTeX\tex/latex/listings\listings.cfg
File: listings.cfg 2024/05/25 1.10b listings configuration
))
Package: listings 2024/05/25 1.10b (Carsten Heinz)
 (C:\Users\ardar\AppData\Local\Programs\MiKTeX\tex/latex/graphics\graphicx.sty
Package: graphicx 2021/09/16 v1.2d Enhanced LaTeX Graphics (DPC,SPQR)
 (C:\Users\ardar\AppData\Local\Programs\MiKTeX\tex/latex/graphics\graphics.sty
Package: graphics 2024/05/23 v1.4g Standard LaTeX Graphics (DPC,SPQR)
 (C:\Users\ardar\AppData\Local\Programs\MiKTeX\tex/latex/graphics\trig.sty
Package: trig 2023/12/02 v1.11 sin cos tan (DPC)
) (C:\Users\ardar\AppData\Local\Programs\MiKTeX\tex/latex/graphics-cfg\graphics.cfg
File: graphics.cfg 2016/06/04 v1.11 sample graphics configuration
)
Package graphics Info: Driver file: pdftex.def on input line 106.
 (C:\Users\ardar\AppData\Local\Programs\MiKTeX\tex/latex/graphics-def\pdftex.def
File: pdftex.def 2024/04/13 v1.2c Graphics/color driver for pdftex
))
\Gin@req@height=\dimen156
\Gin@req@width=\dimen157
) (C:\Users\ardar\AppData\Local\Programs\MiKTeX\tex/latex/listings\lstlang1.sty
File: lstlang1.sty 2024/05/25 1.10b listings language file
) (C:\Users\ardar\AppData\Local\Programs\MiKTeX\tex/latex/listings\lstlang1.sty
File: lstlang1.sty 2024/05/25 1.10b listings language file
)
No file HW02_Darwiche.aux.
\openout1 = `HW02_Darwiche.aux'.

LaTeX Font Info:    Checking defaults for OML/cmm/m/it on input line 29.
LaTeX Font Info:    ... okay on input line 29.
LaTeX Font Info:    Checking defaults for OMS/cmsy/m/n on input line 29.
LaTeX Font Info:    ... okay on input line 29.
LaTeX Font Info:    Checking defaults for OT1/cmr/m/n on input line 29.
LaTeX Font Info:    ... okay on input line 29.
LaTeX Font Info:    Checking defaults for T1/cmr/m/n on input line 29.
LaTeX Font Info:    ... okay on input line 29.
LaTeX Font Info:    Checking defaults for TS1/cmr/m/n on input line 29.
LaTeX Font Info:    ... okay on input line 29.
LaTeX Font Info:    Checking defaults for OMX/cmex/m/n on input line 29.
LaTeX Font Info:    ... okay on input line 29.
LaTeX Font Info:    Checking defaults for U/cmr/m/n on input line 29.
LaTeX Font Info:    ... okay on input line 29.
\c@lstlisting=\count294
(C:\Users\ardar\AppData\Local\Programs\MiKTeX\tex/context/base/mkii\supp-pdf.mkii
[Loading MPS to PDF converter (version 2006.09.02).]
\scratchcounter=\count295
\scratchdimen=\dimen158
\scratchbox=\box58
\nofMPsegments=\count296
\nofMParguments=\count297
\everyMPshowfont=\toks28
\MPscratchCnt=\count298
\MPscratchDim=\dimen159
\MPnumerator=\count299
\makeMPintoPDFobject=\count300
\everyMPtoPDFconversion=\toks29
) (C:\Users\ardar\AppData\Local\Programs\MiKTeX\tex/latex/epstopdf-pkg\epstopdf-base.sty
Package: epstopdf-base 2020-01-24 v2.11 Base part for package epstopdf
Package epstopdf-base Info: Redefining graphics rule for `.eps' on input line 485.
 (C:\Users\ardar\AppData\Local\Programs\MiKTeX\tex/latex/00miktex\epstopdf-sys.cfg
File: epstopdf-sys.cfg 2021/03/18 v2.0 Configuration of epstopdf for MiKTeX
))
LaTeX Font Info:    Trying to load font information for U+msa on input line 31.
 (C:\Users\ardar\AppData\Local\Programs\MiKTeX\tex/latex/amsfonts\umsa.fd
File: umsa.fd 2013/01/14 v3.01 AMS symbols A
)
LaTeX Font Info:    Trying to load font information for U+msb on input line 31.
 (C:\Users\ardar\AppData\Local\Programs\MiKTeX\tex/latex/amsfonts\umsb.fd
File: umsb.fd 2013/01/14 v3.01 AMS symbols B
)
Overfull \hbox (36.6907pt too wide) in paragraph at lines 38--39
[]\T1/cmr/m/n/10 Show how par-ti-tion func-tion would work on Ar-ray A<13,19,9,5,12,8,7,4,21,2,6,11>. 
 []

<partition1.png, id=1, 679.78969pt x 517.18219pt>
File: partition1.png Graphic file (type png)
<use partition1.png>
Package pdftex.def Info: partition1.png  used on input line 39.
(pdftex.def)             Requested size: 345.0pt x 262.4731pt.

Overfull \hbox (45.00003pt too wide) in paragraph at lines 39--40
[]| [] 
 []

<partition2.png, id=3, 679.03688pt x 439.6425pt>
File: partition2.png Graphic file (type png)
<use partition2.png>
Package pdftex.def Info: partition2.png  used on input line 40.
(pdftex.def)             Requested size: 345.0pt x 223.36945pt.

Overfull \hbox (45.00003pt too wide) in paragraph at lines 40--41
[]| [] 
 []



[1

{C:/Users/ardar/AppData/Local/MiKTeX/fonts/map/pdftex/pdftex.map} <./partition1.png>]

[2 <./partition2.png>]
<sorted.png, id=23, 943.27406pt x 524.71031pt>
File: sorted.png Graphic file (type png)
<use sorted.png>
Package pdftex.def Info: sorted.png  used on input line 75.
(pdftex.def)             Requested size: 345.0pt x 191.91399pt.

Overfull \hbox (45.00003pt too wide) in paragraph at lines 75--76
[]| [] 
 []

<unsorted.png, id=24, 872.50969pt x 485.56406pt>
File: unsorted.png Graphic file (type png)
<use unsorted.png>
Package pdftex.def Info: unsorted.png  used on input line 78.
(pdftex.def)             Requested size: 345.0pt x 191.99203pt.

Overfull \hbox (45.00003pt too wide) in paragraph at lines 78--79
[]| [] 
 []



[3 <./sorted.png>]
<counting1.png, id=29, 1007.26312pt x 569.87906pt>
File: counting1.png Graphic file (type png)
<use counting1.png>
Package pdftex.def Info: counting1.png  used on input line 87.
(pdftex.def)             Requested size: 345.0pt x 195.19109pt.

Overfull \hbox (45.00003pt too wide) in paragraph at lines 87--88
[]| [] 
 []

<counting2.png, id=30, 1010.27437pt x 167.87718pt>
File: counting2.png Graphic file (type png)
<use counting2.png>
Package pdftex.def Info: counting2.png  used on input line 88.
(pdftex.def)             Requested size: 345.0pt x 57.32852pt.

Overfull \hbox (45.00003pt too wide) in paragraph at lines 88--89
[]| [] 
 []



[4 <./unsorted.png> <./counting1.png>]
<radix.png, id=36, 1007.26312pt x 569.12625pt>
File: radix.png Graphic file (type png)
<use radix.png>
Package pdftex.def Info: radix.png  used on input line 95.
(pdftex.def)             Requested size: 345.0pt x 194.93324pt.

Overfull \hbox (45.00003pt too wide) in paragraph at lines 95--96
[]| [] 
 []



[5 <./counting2.png> <./radix.png>]
<hoarePartition.png, id=42, 682.04813pt x 287.57437pt>
File: hoarePartition.png Graphic file (type png)
<use hoarePartition.png>
Package pdftex.def Info: hoarePartition.png  used on input line 130.
(pdftex.def)             Requested size: 345.0pt x 145.46306pt.

Overfull \hbox (45.00003pt too wide) in paragraph at lines 130--131
[]| [] 
 []



[6 <./hoarePartition.png>]
<comparingPartitions.png, id=47, 683.55376pt x 295.1025pt>
File: comparingPartitions.png Graphic file (type png)
<use comparingPartitions.png>
Package pdftex.def Info: comparingPartitions.png  used on input line 136.
(pdftex.def)             Requested size: 345.0pt x 148.94678pt.

Overfull \hbox (45.00003pt too wide) in paragraph at lines 136--137
[]| [] 
 []

<cases.png, id=48, 831.85782pt x 213.04594pt>
File: cases.png Graphic file (type png)
<use cases.png>
Package pdftex.def Info: cases.png  used on input line 144.
(pdftex.def)             Requested size: 345.0pt x 88.35715pt.

Overfull \hbox (45.00003pt too wide) in paragraph at lines 144--145
[]| [] 
 []



[7 <./comparingPartitions.png>]
c:/Users/ardar/Github/algorithms-6470/HW02/HW02_Darwiche.tex:156: You can't use `macro parameter character #' in horizontal mode.
l.156 ...bitem (1) As seen in the above Question #
                                                  8, we see that the PARTITI...
Sorry, but I'm not programmed to handle this case;
I'll just pretend that you didn't ask for it.
If you're in the wrong mode, you might be able to
return to the right one by typing `I}' or `I$' or `I\par'.



[8 <./cases.png>]
LaTeX Font Info:    Trying to load font information for T1+pcr on input line 170.
 (C:\Users\ardar\AppData\Local\Programs\MiKTeX\tex/latex/psnfss\t1pcr.fd
File: t1pcr.fd 2001/06/04 font definitions for T1/pcr.
)
LaTeX Font Info:    Trying to load font information for TS1+pcr on input line 171.
 (C:\Users\ardar\AppData\Local\Programs\MiKTeX\tex/latex/psnfss\ts1pcr.fd
File: ts1pcr.fd 2001/06/04 font definitions for TS1/pcr.
)

[9{C:/Users/ardar/AppData/Local/Programs/MiKTeX/fonts/enc/dvips/base/8r.enc}] (HW02_Darwiche.aux)
 ***********
LaTeX2e <2024-06-01> patch level 1
L3 programming layer <2024-05-27>
 ***********
 ) 
Here is how much of TeX's memory you used:
 5443 strings out of 473919
 82018 string characters out of 5726953
 1951908 words of memory out of 5000000
 28239 multiletter control sequences out of 15000+600000
 570562 words of font info for 73 fonts, out of 8000000 for 9000
 1141 hyphenation exceptions out of 8191
 79i,6n,93p,827b,1504s stack positions out of 10000i,1000n,20000p,200000b,200000s
 <C:\Users\ardar\AppData\Local\MiKTeX\fonts/pk/ljfour/jknappen/ec/dpi600\ecrm1000.pk> <C:\Users\ardar\AppData\Local\MiKTeX\fonts/pk/ljfour/jknappen/ec/dpi600\ecbx1200.pk> <C:\Users\ardar\AppData\Local\MiKTeX\fonts/pk/ljfour/jknappen/ec/dpi600\ecbx1440.pk> <C:\Users\ardar\AppData\Local\MiKTeX\fonts/pk/ljfour/jknappen/ec/dpi600\ecrm1200.pk> <C:\Users\ardar\AppData\Local\MiKTeX\fonts/pk/ljfour/jknappen/ec/dpi600\ecrm1728.pk><C:/Users/ardar/AppData/Local/Programs/MiKTeX/fonts/type1/public/amsfonts/cm/cmmi10.pfb><C:/Users/ardar/AppData/Local/Programs/MiKTeX/fonts/type1/public/amsfonts/cm/cmmi7.pfb><C:/Users/ardar/AppData/Local/Programs/MiKTeX/fonts/type1/public/amsfonts/cm/cmr10.pfb><C:/Users/ardar/AppData/Local/Programs/MiKTeX/fonts/type1/public/amsfonts/cm/cmr7.pfb><C:/Users/ardar/AppData/Local/Programs/MiKTeX/fonts/type1/public/amsfonts/cm/cmsy10.pfb><C:/Users/ardar/AppData/Local/Programs/MiKTeX/fonts/type1/urw/courier/ucrb8a.pfb><C:/Users/ardar/AppData/Local/Programs/MiKTeX/fonts/type1/urw/courier/ucrr8a.pfb>
Output written on HW02_Darwiche.pdf (9 pages, 512110 bytes).
PDF statistics:
 251 PDF objects out of 1000 (max. 8388607)
 0 named destinations out of 1000 (max. 500000)
 51 words of extra memory for PDF output out of 10000 (max. 10000000)

